<?xml version="1.0" encoding="UTF-8"?>
<!-- Generated by org.testng.reporters.JUnitXMLReporter -->
<testsuite hostname="ip-172-31-27-255" ignored="0" name="Default test" tests="3" failures="0" timestamp="2022-09-04T03:54:41 UTC" time="0.064" errors="0">
  <testcase name="PersonalLoanTest1" time="0.005" classname="test.LoanTest"/>
  <testcase name="HomeLoanTest" time="0.003" classname="test.LoanTest"/>
  <testcase name="PersonalLoanTest" time="0.001" classname="test.LoanTest"/>
</testsuite> <!-- Default test -->
