<?xml version="1.0" encoding="UTF-8"?>
<!-- Generated by org.testng.reporters.JUnitXMLReporter -->
<testsuite hostname="ip-172-31-27-255" ignored="3" name="Test" tests="3" failures="0" timestamp="2022-09-03T07:15:36 UTC" time="0.052" errors="0">
  <testcase name="HomeLoanTest" time="0.005" classname="test.LoanTest"/>
  <testcase name="PersonalLoanTest" time="0.001" classname="test.LoanTest"/>
  <testcase name="PersonalLoanTest1" time="0.001" classname="test.LoanTest"/>
  <testcase name="@AfterTest method4" time="0.0" classname="test.BaseClass">
    <ignored/>
  </testcase> <!-- @AfterTest method4 -->
  <testcase name="CCTest" time="0.0" classname="test.CardTest">
    <ignored/>
  </testcase> <!-- CCTest -->
  <testcase name="@BeforeTest method3" time="0.0" classname="test.BaseClass">
    <ignored/>
  </testcase> <!-- @BeforeTest method3 -->
</testsuite> <!-- Test -->
