<?xml version="1.0" encoding="UTF-8"?>
<testng-results skipped="0" failed="0" ignored="0" total="3" passed="3">
  <reporter-output>
  </reporter-output>
  <suite name="Default suite" duration-ms="64" started-at="2022-09-04T03:54:41 UTC" finished-at="2022-09-04T03:54:41 UTC">
    <groups>
      <group name="regression">
        <method signature="LoanTest.HomeLoanTest()[pri:1, instance:test.LoanTest@2833cc44]" name="HomeLoanTest" class="test.LoanTest"/>
        <method signature="LoanTest.PersonalLoanTest()[pri:2, instance:test.LoanTest@2833cc44]" name="PersonalLoanTest" class="test.LoanTest"/>
        <method signature="LoanTest.PersonalLoanTest1()[pri:0, instance:test.LoanTest@2833cc44]" name="PersonalLoanTest1" class="test.LoanTest"/>
      </group> <!-- regression -->
    </groups>
    <test name="Default test" duration-ms="64" started-at="2022-09-04T03:54:41 UTC" finished-at="2022-09-04T03:54:41 UTC">
      <class name="test.LoanTest">
        <test-method status="PASS" signature="method3()[pri:0, instance:test.LoanTest@2833cc44]" name="method3" is-config="true" duration-ms="7" started-at="2022-09-04T03:54:41 UTC" finished-at="2022-09-04T03:54:41 UTC">
          <reporter-output>
          </reporter-output>
        </test-method> <!-- method3 -->
        <test-method status="PASS" signature="method1()[pri:0, instance:test.LoanTest@2833cc44]" name="method1" is-config="true" duration-ms="1" started-at="2022-09-04T03:54:41 UTC" finished-at="2022-09-04T03:54:41 UTC">
          <reporter-output>
          </reporter-output>
        </test-method> <!-- method1 -->
        <test-method status="PASS" signature="PersonalLoanTest1()[pri:0, instance:test.LoanTest@2833cc44]" name="PersonalLoanTest1" duration-ms="5" started-at="2022-09-04T03:54:41 UTC" finished-at="2022-09-04T03:54:41 UTC">
          <reporter-output>
          </reporter-output>
        </test-method> <!-- PersonalLoanTest1 -->
        <test-method status="PASS" signature="method2()[pri:0, instance:test.LoanTest@2833cc44]" name="method2" is-config="true" duration-ms="1" started-at="2022-09-04T03:54:41 UTC" finished-at="2022-09-04T03:54:41 UTC">
          <reporter-output>
          </reporter-output>
        </test-method> <!-- method2 -->
        <test-method status="PASS" signature="HomeLoanTest()[pri:1, instance:test.LoanTest@2833cc44]" name="HomeLoanTest" duration-ms="3" started-at="2022-09-04T03:54:41 UTC" finished-at="2022-09-04T03:54:41 UTC">
          <reporter-output>
          </reporter-output>
        </test-method> <!-- HomeLoanTest -->
        <test-method status="PASS" signature="method1()[pri:0, instance:test.LoanTest@2833cc44]" name="method1" is-config="true" duration-ms="0" started-at="2022-09-04T03:54:41 UTC" finished-at="2022-09-04T03:54:41 UTC">
          <reporter-output>
          </reporter-output>
        </test-method> <!-- method1 -->
        <test-method status="PASS" signature="method2()[pri:0, instance:test.LoanTest@2833cc44]" name="method2" is-config="true" duration-ms="0" started-at="2022-09-04T03:54:41 UTC" finished-at="2022-09-04T03:54:41 UTC">
          <reporter-output>
          </reporter-output>
        </test-method> <!-- method2 -->
        <test-method status="PASS" signature="method1()[pri:0, instance:test.LoanTest@2833cc44]" name="method1" is-config="true" duration-ms="0" started-at="2022-09-04T03:54:41 UTC" finished-at="2022-09-04T03:54:41 UTC">
          <reporter-output>
          </reporter-output>
        </test-method> <!-- method1 -->
        <test-method status="PASS" signature="PersonalLoanTest()[pri:2, instance:test.LoanTest@2833cc44]" name="PersonalLoanTest" duration-ms="1" started-at="2022-09-04T03:54:41 UTC" finished-at="2022-09-04T03:54:41 UTC">
          <reporter-output>
          </reporter-output>
        </test-method> <!-- PersonalLoanTest -->
        <test-method status="PASS" signature="method2()[pri:0, instance:test.LoanTest@2833cc44]" name="method2" is-config="true" duration-ms="2" started-at="2022-09-04T03:54:41 UTC" finished-at="2022-09-04T03:54:41 UTC">
          <reporter-output>
          </reporter-output>
        </test-method> <!-- method2 -->
        <test-method status="PASS" signature="method4()[pri:0, instance:test.LoanTest@2833cc44]" name="method4" is-config="true" duration-ms="0" started-at="2022-09-04T03:54:41 UTC" finished-at="2022-09-04T03:54:41 UTC">
          <reporter-output>
          </reporter-output>
        </test-method> <!-- method4 -->
      </class> <!-- test.LoanTest -->
    </test> <!-- Default test -->
  </suite> <!-- Default suite -->
</testng-results>
